<?xml version="1.0" encoding="UTF-8"?>
<coverage generated="1711740190773" clover="3.2.0">
  <project timestamp="1711740190773" name="All files">
    <metrics statements="19" coveredstatements="19" conditionals="7" coveredconditionals="7" methods="4" coveredmethods="4" elements="30" coveredelements="30" complexity="0" loc="19" ncloc="19" packages="2" files="3" classes="3"/>
    <package name="__fixtures__">
      <metrics statements="0" coveredstatements="0" conditionals="0" coveredconditionals="0" methods="0" coveredmethods="0"/>
      <file name="expected-plain.js" path="/home/zzpillau/frontend-project-46/__fixtures__/expected-plain.js">
        <metrics statements="0" coveredstatements="0" conditionals="0" coveredconditionals="0" methods="0" coveredmethods="0"/>
      </file>
    </package>
    <package name="src">
      <metrics statements="19" coveredstatements="19" conditionals="7" coveredconditionals="7" methods="4" coveredmethods="4"/>
      <file name="index.js" path="/home/zzpillau/frontend-project-46/src/index.js">
        <metrics statements="13" coveredstatements="13" conditionals="7" coveredconditionals="7" methods="3" coveredmethods="3"/>
        <line num="16" count="1" type="cond" truecount="1" falsecount="0"/>
        <line num="17" count="1" type="stmt"/>
        <line num="18" count="1" type="stmt"/>
        <line num="19" count="5" type="cond" truecount="2" falsecount="0"/>
        <line num="20" count="3" type="cond" truecount="2" falsecount="0"/>
        <line num="21" count="1" type="stmt"/>
        <line num="23" count="2" type="cond" truecount="2" falsecount="0"/>
        <line num="25" count="2" type="stmt"/>
        <line num="28" count="1" type="stmt"/>
        <line num="33" count="1" type="stmt"/>
        <line num="34" count="1" type="stmt"/>
        <line num="35" count="1" type="stmt"/>
        <line num="38" count="1" type="stmt"/>
      </file>
      <file name="parse.js" path="/home/zzpillau/frontend-project-46/src/parse.js">
        <metrics statements="6" coveredstatements="6" conditionals="0" coveredconditionals="0" methods="1" coveredmethods="1"/>
        <line num="5" count="1" type="stmt"/>
        <line num="6" count="1" type="stmt"/>
        <line num="8" count="1" type="stmt"/>
        <line num="9" count="2" type="stmt"/>
        <line num="11" count="2" type="stmt"/>
        <line num="13" count="2" type="stmt"/>
      </file>
    </package>
  </project>
</coverage>
