{"/home/zzpillau/frontend-project-46/__fixtures__/expected-plain.js": {"path":"/home/zzpillau/frontend-project-46/__fixtures__/expected-plain.js","statementMap":{},"fnMap":{},"branchMap":{},"s":{},"f":{},"b":{},"_coverageSchema":"1a1c01bbd47fc00a2c39e90264f33305004495a9","hash":"5b704ea2e28cee67c42da0ffc87d08e3167c1fb7"}
,"/home/zzpillau/frontend-project-46/src/index.js": {"path":"/home/zzpillau/frontend-project-46/src/index.js","statementMap":{"0":{"start":{"line":16,"column":19},"end":{"line":29,"column":1}},"1":{"start":{"line":17,"column":18},"end":{"line":17,"column":80}},"2":{"start":{"line":18,"column":16},"end":{"line":26,"column":4}},"3":{"start":{"line":19,"column":4},"end":{"line":24,"column":5}},"4":{"start":{"line":20,"column":6},"end":{"line":22,"column":7}},"5":{"start":{"line":21,"column":8},"end":{"line":21,"column":50}},"6":{"start":{"line":23,"column":6},"end":{"line":23,"column":155}},"7":{"start":{"line":25,"column":4},"end":{"line":25,"column":46}},"8":{"start":{"line":28,"column":2},"end":{"line":28,"column":41}},"9":{"start":{"line":33,"column":16},"end":{"line":39,"column":1}},"10":{"start":{"line":34,"column":21},"end":{"line":34,"column":41}},"11":{"start":{"line":35,"column":21},"end":{"line":35,"column":41}},"12":{"start":{"line":38,"column":2},"end":{"line":38,"column":44}}},"fnMap":{"0":{"name":"(anonymous_0)","decl":{"start":{"line":16,"column":19},"end":{"line":16,"column":20}},"loc":{"start":{"line":16,"column":52},"end":{"line":29,"column":1}},"line":16},"1":{"name":"(anonymous_1)","decl":{"start":{"line":18,"column":28},"end":{"line":18,"column":29}},"loc":{"start":{"line":18,"column":37},"end":{"line":26,"column":3}},"line":18},"2":{"name":"(anonymous_2)","decl":{"start":{"line":33,"column":16},"end":{"line":33,"column":17}},"loc":{"start":{"line":33,"column":42},"end":{"line":39,"column":1}},"line":33}},"branchMap":{"0":{"loc":{"start":{"line":16,"column":34},"end":{"line":16,"column":47}},"type":"default-arg","locations":[{"start":{"line":16,"column":43},"end":{"line":16,"column":47}}],"line":16},"1":{"loc":{"start":{"line":19,"column":4},"end":{"line":24,"column":5}},"type":"if","locations":[{"start":{"line":19,"column":4},"end":{"line":24,"column":5}},{"start":{},"end":{}}],"line":19},"2":{"loc":{"start":{"line":20,"column":6},"end":{"line":22,"column":7}},"type":"if","locations":[{"start":{"line":20,"column":6},"end":{"line":22,"column":7}},{"start":{},"end":{}}],"line":20},"3":{"loc":{"start":{"line":23,"column":13},"end":{"line":23,"column":154}},"type":"cond-expr","locations":[{"start":{"line":23,"column":41},"end":{"line":23,"column":83}},{"start":{"line":23,"column":86},"end":{"line":23,"column":154}}],"line":23}},"s":{"0":1,"1":1,"2":1,"3":5,"4":3,"5":1,"6":2,"7":2,"8":1,"9":1,"10":1,"11":1,"12":1},"f":{"0":1,"1":5,"2":1},"b":{"0":[1],"1":[3,2],"2":[1,2],"3":[1,1]},"_coverageSchema":"1a1c01bbd47fc00a2c39e90264f33305004495a9","hash":"4aa7be3fdd40f5a2077387ad78bcd7fa637103e8"}
,"/home/zzpillau/frontend-project-46/src/parse.js": {"path":"/home/zzpillau/frontend-project-46/src/parse.js","statementMap":{"0":{"start":{"line":5,"column":19},"end":{"line":5,"column":49}},"1":{"start":{"line":6,"column":18},"end":{"line":6,"column":42}},"2":{"start":{"line":8,"column":18},"end":{"line":14,"column":1}},"3":{"start":{"line":9,"column":18},"end":{"line":9,"column":73}},"4":{"start":{"line":11,"column":19},"end":{"line":11,"column":54}},"5":{"start":{"line":13,"column":2},"end":{"line":13,"column":30}}},"fnMap":{"0":{"name":"(anonymous_0)","decl":{"start":{"line":8,"column":18},"end":{"line":8,"column":19}},"loc":{"start":{"line":8,"column":32},"end":{"line":14,"column":1}},"line":8}},"branchMap":{},"s":{"0":1,"1":1,"2":1,"3":2,"4":2,"5":2},"f":{"0":2},"b":{},"_coverageSchema":"1a1c01bbd47fc00a2c39e90264f33305004495a9","hash":"eaec672428051b1fe6e0c90dfe1deb8352d92b09"}
}
