TN:
SF:__fixtures__/expected-plain.js
FNF:0
FNH:0
LF:0
LH:0
BRF:0
BRH:0
end_of_record
TN:
SF:src/index.js
FN:16,(anonymous_0)
FN:18,(anonymous_1)
FN:33,(anonymous_2)
FNF:3
FNH:3
FNDA:1,(anonymous_0)
FNDA:5,(anonymous_1)
FNDA:1,(anonymous_2)
DA:16,1
DA:17,1
DA:18,1
DA:19,5
DA:20,3
DA:21,1
DA:23,2
DA:25,2
DA:28,1
DA:33,1
DA:34,1
DA:35,1
DA:38,1
LF:13
LH:13
BRDA:16,0,0,1
BRDA:19,1,0,3
BRDA:19,1,1,2
BRDA:20,2,0,1
BRDA:20,2,1,2
BRDA:23,3,0,1
BRDA:23,3,1,1
BRF:7
BRH:7
end_of_record
TN:
SF:src/parse.js
FN:8,(anonymous_0)
FNF:1
FNH:1
FNDA:2,(anonymous_0)
DA:5,1
DA:6,1
DA:8,1
DA:9,2
DA:11,2
DA:13,2
LF:6
LH:6
BRF:0
BRH:0
end_of_record
